[2026-03-19 16:07:54] --- Starting Portfolio Automation ---
[2026-03-19 16:07:54] --- Parsing LinkedIn Profile.pdf ---
[2026-03-19 16:07:54] Extracted 5 education items and 21 experience items.
[2026-03-19 16:07:54] Updated data.json successfully with new PDF data!
[2026-03-19 16:07:54] Loading Experience & Education from data.json...
[2026-03-19 16:07:54] Updated education.html successfully.
[2026-03-19 16:07:54] Updated experience.html successfully.
[2026-03-19 16:07:54] Updated projects.html successfully.
[2026-03-19 16:07:54] Updated applications.html successfully.
[2026-03-19 16:07:54] Updated index.html successfully.
[2026-03-19 16:07:54] Fetching Google Scholar data for ID: Um_jCEMAAAAJ...
[2026-03-19 16:07:54] Updated publications.html successfully.
[2026-03-19 16:07:54] Successfully updated publications from Google Scholar.
[2026-03-19 16:07:54] Updated index.html successfully.
[2026-03-19 16:07:54] Successfully injected metrics grid into index.html
[2026-03-19 16:07:54] --- Update Complete! ---
[2026-03-19 16:18:34] --- Starting Portfolio Automation ---
[2026-03-19 16:18:34] --- Parsing LinkedIn Profile.pdf ---
[2026-03-19 16:18:34] Extracted 5 education items and 21 experience items.
[2026-03-19 16:18:34] Updated data.json successfully with new PDF data!
[2026-03-19 16:18:34] Loading Experience & Education from data.json...
[2026-03-19 16:18:34] Updated education.html successfully.
[2026-03-19 16:18:34] Updated experience.html successfully.
[2026-03-19 16:18:34] Updated projects.html successfully.
[2026-03-19 16:18:34] Updated applications.html successfully.
[2026-03-19 16:18:34] Updated index.html successfully.
[2026-03-19 16:18:34] Fetching Google Scholar data for ID: Um_jCEMAAAAJ...
[2026-03-19 16:18:35] Updated publications.html successfully.
[2026-03-19 16:18:35] Successfully updated publications from Google Scholar.
[2026-03-19 16:18:35] Updated index.html successfully.
[2026-03-19 16:18:35] Successfully injected metrics grid into index.html
[2026-03-19 16:18:35] --- Update Complete! ---
[2026-03-19 16:18:35] --- Starting Auto-Deploy to GitHub ---
[2026-03-19 16:18:35] Failed to auto-deploy to Github: Command '['C:\\Program Files\\Git\\cmd\\git.exe', 'add', '.']' returned non-zero exit status 128.
[2026-03-19 16:28:04] --- Starting Portfolio Automation ---
[2026-03-19 16:28:04] --- Parsing LinkedIn Profile.pdf ---
[2026-03-19 16:28:04] Extracted 5 education items and 21 experience items.
[2026-03-19 16:28:04] Updated data.json successfully with new PDF data!
[2026-03-19 16:28:04] Loading Experience & Education from data.json...
[2026-03-19 16:28:04] Updated education.html successfully.
[2026-03-19 16:28:04] Updated experience.html successfully.
[2026-03-19 16:28:04] Updated projects.html successfully.
[2026-03-19 16:28:04] Updated applications.html successfully.
[2026-03-19 16:28:04] Updated index.html successfully.
[2026-03-19 16:28:04] Fetching Google Scholar data for ID: Um_jCEMAAAAJ...
[2026-03-19 16:28:05] Updated publications.html successfully.
[2026-03-19 16:28:05] Successfully updated publications from Google Scholar.
[2026-03-19 16:28:05] Updated index.html successfully.
[2026-03-19 16:28:05] Successfully injected metrics grid into index.html
[2026-03-19 16:28:05] --- Update Complete! ---
[2026-03-19 16:28:05] --- Starting Auto-Deploy to GitHub ---
[2026-03-19 16:28:06] Pushing files securely to GitHub repository...
[2026-03-19 16:28:06] Failed to auto-deploy to Github: Command '['C:\\Program Files\\Git\\cmd\\git.exe', 'push']' returned non-zero exit status 128.
[2026-03-19 16:28:43] --- Starting Portfolio Automation ---
[2026-03-19 16:28:43] --- Parsing LinkedIn Profile.pdf ---
[2026-03-19 16:28:43] Extracted 5 education items and 21 experience items.
[2026-03-19 16:28:43] Updated data.json successfully with new PDF data!
[2026-03-19 16:28:43] Loading Experience & Education from data.json...
[2026-03-19 16:28:43] Updated education.html successfully.
[2026-03-19 16:28:43] Updated experience.html successfully.
[2026-03-19 16:28:43] Updated projects.html successfully.
[2026-03-19 16:28:43] Updated applications.html successfully.
[2026-03-19 16:28:43] Updated index.html successfully.
[2026-03-19 16:28:43] Fetching Google Scholar data for ID: Um_jCEMAAAAJ...
[2026-03-19 16:28:44] Updated publications.html successfully.
[2026-03-19 16:28:44] Successfully updated publications from Google Scholar.
[2026-03-19 16:28:44] Updated index.html successfully.
[2026-03-19 16:28:44] Successfully injected metrics grid into index.html
[2026-03-19 16:28:44] --- Update Complete! ---
[2026-03-19 16:28:44] --- Starting Auto-Deploy to GitHub ---
[2026-03-19 16:28:44] Pushing files securely to GitHub repository...
[2026-03-19 16:28:46] Successfully explicitly deployed website to live server!
[2026-03-20 09:27:34] --- Starting Portfolio Automation ---
[2026-03-20 09:27:34] --- Parsing LinkedIn Profile.pdf ---
[2026-03-20 09:27:34] Extracted 5 education items and 21 experience items.
[2026-03-20 09:27:34] Updated data.json successfully with new PDF data!
[2026-03-20 09:27:34] Loading Experience & Education from data.json...
[2026-03-20 09:27:34] Updated education.html successfully.
[2026-03-20 09:27:34] Updated experience.html successfully.
[2026-03-20 09:27:34] Updated projects.html successfully.
[2026-03-20 09:27:34] Updated applications.html successfully.
[2026-03-20 09:27:34] Updated index.html successfully.
[2026-03-20 09:27:34] Fetching Google Scholar data for ID: Um_jCEMAAAAJ...
[2026-03-20 09:27:35] Updated publications.html successfully.
[2026-03-20 09:27:35] Successfully updated publications from Google Scholar.
[2026-03-20 09:27:35] Updated index.html successfully.
[2026-03-20 09:27:35] Successfully injected metrics grid into index.html
[2026-03-20 09:27:35] --- Update Complete! ---
[2026-03-20 09:27:35] --- Starting Auto-Deploy to GitHub ---
[2026-03-20 09:27:35] Pushing files securely to GitHub repository...
[2026-03-20 09:27:37] Successfully explicitly deployed website to live server!
[2026-03-20 10:09:47] --- Starting Portfolio Automation ---
[2026-03-20 10:09:47] --- Parsing LinkedIn Profile.pdf ---
[2026-03-20 10:09:47] Extracted 5 education items and 21 experience items.
[2026-03-20 10:09:47] Updated data.json successfully with new PDF data!
[2026-03-20 10:09:47] Loading Experience & Education from data.json...
[2026-03-20 10:09:47] Updated education.html successfully.
[2026-03-20 10:09:47] Updated experience.html successfully.
[2026-03-20 10:09:47] Updated projects.html successfully.
[2026-03-20 10:09:47] Updated applications.html successfully.
[2026-03-20 10:09:47] Updated index.html successfully.
[2026-03-20 10:09:47] Fetching Google Scholar data for ID: Um_jCEMAAAAJ...
[2026-03-20 10:09:48] Updated publications.html successfully.
[2026-03-20 10:09:48] Successfully updated publications from Google Scholar.
[2026-03-20 10:09:48] Updated index.html successfully.
[2026-03-20 10:09:48] Successfully injected metrics grid into index.html
[2026-03-20 10:09:48] --- Update Complete! ---
[2026-03-20 10:09:48] --- Starting Auto-Deploy to GitHub ---
[2026-03-20 10:09:48] Pushing files securely to GitHub repository...
[2026-03-20 10:09:50] Successfully explicitly deployed website to live server!
[2026-03-20 10:25:54] --- Starting Portfolio Automation ---
[2026-03-20 10:25:54] --- Parsing LinkedIn Profile.pdf ---
[2026-03-20 10:25:54] Extracted 5 education items and 21 experience items.
[2026-03-20 10:25:54] Updated data.json successfully with new PDF data!
[2026-03-20 10:25:54] Loading Experience & Education from data.json...
[2026-03-20 10:25:54] Updated education.html successfully.
[2026-03-20 10:25:54] Updated experience.html successfully.
[2026-03-20 10:25:54] Updated projects.html successfully.
[2026-03-20 10:25:54] Updated applications.html successfully.
[2026-03-20 10:25:54] Updated index.html successfully.
[2026-03-20 10:25:54] Fetching Google Scholar data for ID: Um_jCEMAAAAJ...
[2026-03-20 10:26:02] Updated publications.html successfully.
[2026-03-20 10:26:02] Successfully updated publications from Google Scholar.
[2026-03-20 10:26:02] Updated index.html successfully.
[2026-03-20 10:26:02] Successfully injected metrics grid into index.html
[2026-03-20 10:26:02] --- Update Complete! ---
[2026-03-20 10:26:02] --- Starting Auto-Deploy to GitHub ---
[2026-03-20 10:26:03] Pushing files securely to GitHub repository...
[2026-03-20 10:26:04] Successfully explicitly deployed website to live server!
[2026-03-20 10:33:47] --- Starting Portfolio Automation ---
[2026-03-20 10:33:47] --- Parsing LinkedIn Profile.pdf ---
[2026-03-20 10:33:47] Extracted 5 education items and 21 experience items.
[2026-03-20 10:33:47] Updated data.json successfully with new PDF data!
[2026-03-20 10:33:47] Loading Experience & Education from data.json...
[2026-03-20 10:33:47] Updated education.html successfully.
[2026-03-20 10:33:47] Updated experience.html successfully.
[2026-03-20 10:33:47] Updated projects.html successfully.
[2026-03-20 10:33:47] Updated applications.html successfully.
[2026-03-20 10:33:47] Updated index.html successfully.
[2026-03-20 10:33:47] Fetching Google Scholar data for ID: Um_jCEMAAAAJ...
[2026-03-20 10:33:48] Updated publications.html successfully.
[2026-03-20 10:33:48] Successfully updated publications from Google Scholar.
[2026-03-20 10:33:48] Updated index.html successfully.
[2026-03-20 10:33:48] Successfully injected metrics grid into index.html
[2026-03-20 10:33:48] --- Update Complete! ---
[2026-03-20 10:33:48] --- Starting Auto-Deploy to GitHub ---
[2026-03-20 10:33:49] Pushing files securely to GitHub repository...
[2026-03-20 10:33:50] Successfully explicitly deployed website to live server!
[2026-03-20 10:41:21] --- Starting Portfolio Automation ---
[2026-03-20 10:41:21] --- Parsing LinkedIn Profile.pdf ---
[2026-03-20 10:41:21] Extracted 5 education items and 21 experience items.
[2026-03-20 10:41:21] Updated data.json successfully with new PDF data!
[2026-03-20 10:41:21] Loading Experience & Education from data.json...
[2026-03-20 10:41:21] Updated ../pages/education.html successfully.
[2026-03-20 10:41:21] Updated ../pages/experience.html successfully.
[2026-03-20 10:41:21] Updated ../pages/projects.html successfully.
[2026-03-20 10:41:21] Updated ../pages/applications.html successfully.
[2026-03-20 10:41:21] Updated ../index.html successfully.
[2026-03-20 10:41:21] Fetching Google Scholar data for ID: Um_jCEMAAAAJ...
[2026-03-20 10:41:22] Updated ../pages/publications.html successfully.
[2026-03-20 10:41:22] Successfully updated publications from Google Scholar.
[2026-03-20 10:41:22] Updated ../index.html successfully.
[2026-03-20 10:41:22] Successfully injected metrics grid into index.html
[2026-03-20 10:41:22] --- Update Complete! ---
[2026-03-20 10:41:22] --- Starting Auto-Deploy to GitHub ---
[2026-03-20 10:41:23] Pushing files securely to GitHub repository...
[2026-03-20 10:41:24] Successfully explicitly deployed website to live server!
[2026-03-20 10:46:50] --- Starting Portfolio Automation ---
[2026-03-20 10:46:50] --- Parsing LinkedIn Profile.pdf ---
[2026-03-20 10:46:51] Extracted 5 education items and 21 experience items.
[2026-03-20 10:46:51] Updated data.json successfully with new PDF data!
[2026-03-20 10:46:51] Loading Experience & Education from data.json...
[2026-03-20 10:46:51] Updated ../pages/education.html successfully.
[2026-03-20 10:46:51] Updated ../pages/experience.html successfully.
[2026-03-20 10:46:51] Updated ../pages/projects.html successfully.
[2026-03-20 10:46:51] Updated ../pages/applications.html successfully.
[2026-03-20 10:46:51] Updated ../index.html successfully.
[2026-03-20 10:46:51] Fetching Google Scholar data for ID: Um_jCEMAAAAJ...
[2026-03-20 10:46:51] Updated ../pages/publications.html successfully.
[2026-03-20 10:46:51] Successfully updated publications from Google Scholar.
[2026-03-20 10:46:51] Updated ../index.html successfully.
[2026-03-20 10:46:51] Successfully injected metrics grid into index.html
[2026-03-20 10:46:51] --- Update Complete! ---
[2026-03-20 10:46:51] --- Starting Auto-Deploy to GitHub ---
[2026-03-20 10:46:52] Pushing files securely to GitHub repository...
[2026-03-20 10:46:54] Successfully explicitly deployed website to live server!
[2026-03-20 10:51:56] --- Starting Portfolio Automation ---
[2026-03-20 10:51:56] --- Parsing LinkedIn Profile.pdf ---
[2026-03-20 10:51:56] Extracted 5 education items and 21 experience items.
[2026-03-20 10:51:56] Updated data.json successfully with new PDF data!
[2026-03-20 10:51:56] Loading Experience & Education from data.json...
[2026-03-20 10:51:56] Updated ../pages/education.html successfully.
[2026-03-20 10:51:56] Updated ../pages/experience.html successfully.
[2026-03-20 10:51:56] Updated ../pages/projects.html successfully.
[2026-03-20 10:51:56] Updated ../pages/applications.html successfully.
[2026-03-20 10:51:56] Updated ../index.html successfully.
[2026-03-20 10:51:56] Fetching Google Scholar data for ID: Um_jCEMAAAAJ...
[2026-03-20 10:51:56] Updated ../pages/publications.html successfully.
[2026-03-20 10:51:56] Successfully updated publications from Google Scholar.
[2026-03-20 10:51:56] Updated ../index.html successfully.
[2026-03-20 10:51:56] Successfully injected metrics grid into index.html
[2026-03-20 10:51:56] --- Update Complete! ---
[2026-03-20 10:51:56] --- Starting Auto-Deploy to GitHub ---
[2026-03-20 10:51:57] Pushing files securely to GitHub repository...
[2026-03-20 10:51:58] Successfully explicitly deployed website to live server!
[2026-03-20 12:38:48] --- Starting Portfolio Automation ---
[2026-03-20 12:38:48] --- Parsing LinkedIn Profile.pdf ---
[2026-03-20 12:38:48] Extracted 5 education items and 21 experience items.
[2026-03-20 12:38:48] Updated data.json successfully with new PDF data!
[2026-03-20 12:38:48] Loading Experience & Education from data.json...
[2026-03-20 12:38:48] Updated ../pages/education.html successfully.
[2026-03-20 12:38:48] Updated ../pages/experience.html successfully.
[2026-03-20 12:38:48] Updated ../pages/projects.html successfully.
[2026-03-20 12:38:48] Updated ../pages/applications.html successfully.
[2026-03-20 12:38:48] Updated ../index.html successfully.
[2026-03-20 12:38:48] Fetching Google Scholar data for ID: Um_jCEMAAAAJ...
[2026-03-20 12:38:49] Updated ../pages/publications.html successfully.
[2026-03-20 12:38:49] Successfully updated publications from Google Scholar.
[2026-03-20 12:38:49] Updated ../index.html successfully.
[2026-03-20 12:38:49] Successfully injected metrics grid into index.html
[2026-03-20 12:38:49] --- Update Complete! ---
[2026-03-20 12:38:49] --- Starting Auto-Deploy to GitHub ---
[2026-03-20 12:38:50] Pushing files securely to GitHub repository...
[2026-03-20 12:38:51] Successfully explicitly deployed website to live server!
